21:27:07.829 [main] INFO  - Launching browser: chrome on OS: windows
21:27:12.968 [main] INFO  - Navigated to: https://tutorialsninja.com/demo/
21:27:13.078 [main] INFO  - *** RegisterTest execution got started
21:27:17.319 [main] INFO  - RegisterTest execution got passed
21:27:17.319 [main] INFO  - RegisterTest execution got completed
21:27:17.613 [main] INFO  - Browser closed successfully.
21:27:57.454 [main] INFO  - Launching browser: chrome on OS: windows
21:28:04.891 [main] INFO  - Navigated to: https://tutorialsninja.com/demo/
21:28:04.976 [main] INFO  - *** RegisterTest execution got started
21:28:10.158 [main] INFO  - RegisterTest execution got passed
21:28:10.158 [main] INFO  - RegisterTest execution got completed
21:28:10.431 [main] INFO  - Browser closed successfully.
21:29:43.442 [main] INFO  - Launching browser: chrome on OS: windows
21:29:49.040 [main] INFO  - Navigated to: https://tutorialsninja.com/demo/
21:29:49.170 [main] INFO  - *** RegisterTest execution got started
21:29:53.910 [main] INFO  - RegisterTest execution got passed
21:29:53.911 [main] INFO  - RegisterTest execution got completed
21:29:54.260 [main] INFO  - Browser closed successfully.
21:33:51.760 [main] INFO  - Launching browser: chrome on OS: windows
21:33:56.643 [main] INFO  - Navigated to: https://tutorialsninja.com/demo/
21:33:56.765 [main] INFO  - *** RegisterTest execution got started
21:34:01.476 [main] INFO  - RegisterTest execution got passed
21:34:01.477 [main] INFO  - RegisterTest execution got completed
21:34:01.759 [main] INFO  - Browser closed successfully.
09:11:07.211 [main] INFO  - Launching browser: chrome on OS: windows
09:11:12.228 [main] INFO  - Navigated to: https://tutorialsninja.com/demo/
09:11:12.304 [main] INFO  - *** RegisterTest execution got started
09:11:15.142 [main] INFO  - RegisterTest execution got passed
09:11:15.142 [main] INFO  - RegisterTest execution got completed
09:11:15.349 [main] INFO  - Browser closed successfully.
